C51 COMPILER V9.01   ·_Ã_Æ÷³ª¸è                                                            01/26/2018 00:07:49 PAGE 1   


C51 COMPILER V9.01, COMPILATION OF MODULE ·_Ã_Æ÷³ª¸è
OBJECT MODULE PLACED IN ·äÃùÆ÷³ª¸è.OBJ
COMPILER INVOKED BY: D:\Project_Program\Keil4\C51\BIN\C51.EXE ·äÃùÆ÷³ª¸è.c BROWSE DEBUG OBJECTEXTEND

line level    source

   1          /**********************************************/
   2          /**        ÊµÏÖµ¥Æ¬»úÇý¶¯·äÃùÆ÷³ª¸è          **/
   3          /**********************************************/
   4          
   5          #include<reg52.h>
   6          #include"SoundPlay.h"
   7          void delay_ms(uint z);
   8          /**************************music array***********************/
   9          /*----------------------------------------------------------*/
  10          
  11          //»Ó×Å³á°òµÄÅ®º¢
  12          uchar code Music_Girl[]={0x17,0x02,0x17,0x03,0x18,0x03,
  13                  0x19,0x02,0x15,0x03,0x16,0x03,0x17,0x03,0x17,0x03,0x17,0x03,
  14                  0x18,0x03,0x19,0x02,0x16,0x03,0x17,0x03,0x18,0x02,0x18,0x03,
  15                  0x17,0x03,0x15,0x02,0x18,0x03,0x17,0x03,0x18,0x02,0x10,0x03,
  16                  0x15,0x03,0x16,0x02,0x15,0x03,0x16,0x03,0x17,0x02,0x17,0x03,
  17                  0x18,0x03,0x19,0x02,0x1A,0x03,0x1B,0x03,0x1F,0x03,0x1F,0x03,
  18                  0x17,0x03,0x18,0x03,0x19,0x02,0x16,0x03,0x17,0x03,0x18,0x03,
  19                  0x17,0x03,0x18,0x03,0x1F,0x03,0x1F,0x02,0x16,0x03,0x17,0x03,
  20                  0x18,0x03,0x17,0x03,0x18,0x03,0x20,0x03,0x20,0x02,0x1F,0x03,
  21                  0x1B,0x03,0x1F,0x66,0x20,0x03,0x21,0x03,0x20,0x03,0x1F,0x03,
  22                  0x1B,0x03,0x1F,0x66,0x1F,0x03,0x1B,0x03,0x19,0x03,0x19,0x03,
  23                  0x15,0x03,0x1A,0x66,0x1A,0x03,0x19,0x03,0x15,0x03,0x15,0x03,
  24                  0x17,0x03,0x16,0x66,0x17,0x04,0x18,0x04,0x18,0x03,0x19,0x03,
  25                  0x1F,0x03,0x1B,0x03,0x1F,0x66,0x20,0x03,0x21,0x03,0x20,0x03,
  26                  0x1F,0x03,0x1B,0x03,0x1F,0x66,0x1F,0x03,0x1B,0x03,0x19,0x03,
  27                  0x19,0x03,0x15,0x03,0x1A,0x66,0x1A,0x03,0x19,0x03,0x19,0x03,
  28                  0x1F,0x03,0x1B,0x03,0x1F,0x00,0x1A,0x03,0x1A,0x03,0x1A,0x03,
  29                  0x1B,0x03,0x1B,0x03,0x1A,0x03,0x19,0x03,0x19,0x02,0x17,0x03,
  30                  0x15,0x17,0x15,0x03,0x16,0x03,0x17,0x03,0x18,0x03,0x17,0x04,
  31                  0x18,0x0E,0x18,0x03,0x17,0x04,0x18,0x0E,0x18,0x66,0x17,0x03,
  32                  0x18,0x03,0x17,0x03,0x18,0x03,0x20,0x03,0x20,0x02,0x1F,0x03,
  33                  0x1B,0x03,0x1F,0x66,0x20,0x03,0x21,0x03,0x20,0x03,0x1F,0x03,
  34                  0x1B,0x03,0x1F,0x66,0x1F,0x04,0x1B,0x0E,0x1B,0x03,0x19,0x03,
  35                  0x19,0x03,0x15,0x03,0x1A,0x66,0x1A,0x03,0x19,0x03,0x15,0x03,
  36                  0x15,0x03,0x17,0x03,0x16,0x66,0x17,0x04,0x18,0x04,0x18,0x03,
  37                  0x19,0x03,0x1F,0x03,0x1B,0x03,0x1F,0x66,0x20,0x03,0x21,0x03,
  38                  0x20,0x03,0x1F,0x03,0x1B,0x03,0x1F,0x66,0x1F,0x03,0x1B,0x03,
  39                  0x19,0x03,0x19,0x03,0x15,0x03,0x1A,0x66,0x1A,0x03,0x19,0x03,
  40                  0x19,0x03,0x1F,0x03,0x1B,0x03,0x1F,0x00,0x18,0x02,0x18,0x03,
  41            0x1A,0x03,0x19,0x0D,0x15,0x03,0x15,0x02,0x18,0x66,0x16,0x02,
  42          0x17,0x02,0x15,0x00,0x00,0x00};
  43          /*-----------------------------------------------------------*/
  44          
  45          //Í¬Ò»Ê×¸è 
  46          uchar code Music_Same[]={0x0F,0x01,0x15,0x02,0x16,0x02,
  47                  0x17,0x66,0x18,0x03,0x17,0x02,0x15,0x02,0x16,0x01,0x15,0x02,
  48                  0x10,0x02,0x15,0x00,0x0F,0x01,0x15,0x02,0x16,0x02,0x17,0x02,
  49                  0x17,0x03,0x18,0x03,0x19,0x02,0x15,0x02,0x18,0x66,0x17,0x03,
  50                  0x19,0x02,0x16,0x03,0x17,0x03,0x16,0x00,0x17,0x01,0x19,0x02,
  51                  0x1B,0x02,0x1B,0x70,0x1A,0x03,0x1A,0x01,0x19,0x02,0x19,0x03,
  52                  0x1A,0x03,0x1B,0x02,0x1A,0x0D,0x19,0x03,0x17,0x00,0x18,0x66,
  53                  0x18,0x03,0x19,0x02,0x1A,0x02,0x19,0x0C,0x18,0x0D,0x17,0x03,
  54                  0x16,0x01,0x11,0x02,0x11,0x03,0x10,0x03,0x0F,0x0C,0x10,0x02,
  55                  0x15,0x00,0x1F,0x01,0x1A,0x01,0x18,0x66,0x19,0x03,0x1A,0x01,
C51 COMPILER V9.01   ·_Ã_Æ÷³ª¸è                                                            01/26/2018 00:07:49 PAGE 2   

  56                  0x1B,0x02,0x1B,0x03,0x1B,0x03,0x1B,0x0C,0x1A,0x0D,0x19,0x03,
  57                  0x17,0x00,0x1F,0x01,0x1A,0x01,0x18,0x66,0x19,0x03,0x1A,0x01,
  58                  0x10,0x02,0x10,0x03,0x10,0x03,0x1A,0x0C,0x18,0x0D,0x17,0x03,
  59                  0x16,0x00,0x0F,0x01,0x15,0x02,0x16,0x02,0x17,0x70,0x18,0x03,
  60                  0x17,0x02,0x15,0x03,0x15,0x03,0x16,0x66,0x16,0x03,0x16,0x02,
  61                  0x16,0x03,0x15,0x03,0x10,0x02,0x10,0x01,0x11,0x01,0x11,0x66,
  62                  0x10,0x03,0x0F,0x0C,0x1A,0x02,0x19,0x02,0x16,0x03,0x16,0x03,
  63                  0x18,0x66,0x18,0x03,0x18,0x02,0x17,0x03,0x16,0x03,0x19,0x00,
  64                  0x00,0x00}; 
  65          /*----------------------------------------------------------*/
  66          
  67          //Á½Ö»ºûµû 
  68          uchar code Music_Two[]={0x17,0x03,0x16,0x03,0x17,0x01,
  69                  0x16,0x03,0x17,0x03,0x16,0x03,0x15,0x01,0x10,0x03,0x15,0x03,
  70                  0x16,0x02,0x16,0x0D,0x17,0x03,0x16,0x03,0x15,0x03,0x10,0x03,
  71                  0x10,0x0E,0x15,0x04,0x0F,0x01,0x17,0x03,0x16,0x03,0x17,0x01,
  72                  0x16,0x03,0x17,0x03,0x16,0x03,0x15,0x01,0x10,0x03,0x15,0x03,
  73                  0x16,0x02,0x16,0x0D,0x17,0x03,0x16,0x03,0x15,0x03,0x10,0x03,
  74                  0x15,0x03,0x16,0x01,0x17,0x03,0x16,0x03,0x17,0x01,0x16,0x03,
  75                  0x17,0x03,0x16,0x03,0x15,0x01,0x10,0x03,0x15,0x03,0x16,0x02,
  76                  0x16,0x0D,0x17,0x03,0x16,0x03,0x15,0x03,0x10,0x03,0x10,0x0E,
  77                  0x15,0x04,0x0F,0x01,0x17,0x03,0x19,0x03,0x19,0x01,0x19,0x03,
  78                  0x1A,0x03,0x19,0x03,0x17,0x01,0x16,0x03,0x16,0x03,0x16,0x02,
  79                  0x16,0x0D,0x17,0x03,0x16,0x03,0x15,0x03,0x10,0x03,0x10,0x0D,
  80                  0x15,0x00,0x19,0x03,0x19,0x03,0x1A,0x03,0x1F,0x03,0x1B,0x03,
  81                  0x1B,0x03,0x1A,0x03,0x17,0x0D,0x16,0x03,0x16,0x03,0x16,0x0D,
  82                  0x17,0x01,0x17,0x03,0x17,0x03,0x19,0x03,0x1A,0x02,0x1A,0x02,
  83                  0x10,0x03,0x17,0x0D,0x16,0x03,0x16,0x01,0x17,0x03,0x19,0x03,
  84                  0x19,0x03,0x17,0x03,0x19,0x02,0x1F,0x02,0x1B,0x03,0x1A,0x03,
  85                  0x1A,0x0E,0x1B,0x04,0x17,0x02,0x1A,0x03,0x1A,0x03,0x1A,0x0E,
  86                  0x1B,0x04,0x1A,0x03,0x19,0x03,0x17,0x03,0x16,0x03,0x17,0x0D,
  87                  0x16,0x03,0x17,0x03,0x19,0x01,0x19,0x03,0x19,0x03,0x1A,0x03,
  88                  0x1F,0x03,0x1B,0x03,0x1B,0x03,0x1A,0x03,0x17,0x0D,0x16,0x03,
  89                  0x16,0x03,0x16,0x03,0x17,0x01,0x17,0x03,0x17,0x03,0x19,0x03,
  90                  0x1A,0x02,0x1A,0x02,0x10,0x03,0x17,0x0D,0x16,0x03,0x16,0x01,
  91                  0x17,0x03,0x19,0x03,0x19,0x03,0x17,0x03,0x19,0x03,0x1F,0x02,
  92                  0x1B,0x03,0x1A,0x03,0x1A,0x0E,0x1B,0x04,0x17,0x02,0x1A,0x03,
  93                  0x1A,0x03,0x1A,0x0E,0x1B,0x04,0x17,0x16,0x1A,0x03,0x1A,0x03,
  94                  0x1A,0x0E,0x1B,0x04,0x1A,0x03,0x19,0x03,0x17,0x03,0x16,0x03,
  95                  0x0F,0x02,0x10,0x03,0x15,0x00,0x00,0x00};
  96          /*--------------------------------------------------------*/
  97                  
  98                  
  99                  
 100          /***************************main******************************/
 101          /*===========================================================*/
 102          /**************************start******************************/ 
 103          void main()
 104          {
 105   1              InitialSound();
 106   1        while(1)
 107   1              { 
 108   2                      Play(Music_Girl,0,3,360);
 109   2                      delay_ms(500); 
 110   2                      Play(Music_Same,0,3,360);
 111   2                      delay_ms(500); 
 112   2                      Play(Music_Two,0,3,360);
 113   2                      delay_ms(500);
 114   2        }
 115   1      }
 116          /*************************end******************************/
 117          
C51 COMPILER V9.01   ·_Ã_Æ÷³ª¸è                                                            01/26/2018 00:07:49 PAGE 3   

 118          
 119          /**************delay_ms******************/
 120          void delay_ms(uint z)
 121          {
 122   1              uint x,y;
 123   1              for(x=z;x>0;x--)
 124   1               for(y=110;y>0;y--);
 125   1      }       
 126          /***************************************/


MODULE INFORMATION:   STATIC OVERLAYABLE
   CODE SIZE        =    803    ----
   CONSTANT SIZE    =    936    ----
   XDATA SIZE       =   ----    ----
   PDATA SIZE       =   ----    ----
   DATA SIZE        =      4      51
   IDATA SIZE       =   ----    ----
   BIT SIZE         =   ----    ----
END OF MODULE INFORMATION.


C51 COMPILATION COMPLETE.  0 WARNING(S),  0 ERROR(S)
